[debug] [2024-07-14T15:09:43.127Z] ----------------------------------------------------------------------
[debug] [2024-07-14T15:09:43.130Z] Command:       /snap/node/8863/bin/node /usr/local/bin/firebase init
[debug] [2024-07-14T15:09:43.130Z] CLI Version:   13.13.2
[debug] [2024-07-14T15:09:43.130Z] Platform:      linux
[debug] [2024-07-14T15:09:43.131Z] Node Version:  v18.20.4
[debug] [2024-07-14T15:09:43.131Z] Time:          Sun Jul 14 2024 20:39:43 GMT+0530 (India Standard Time)
[debug] [2024-07-14T15:09:43.131Z] ----------------------------------------------------------------------
[debug] 
[debug] [2024-07-14T15:09:43.209Z] > command requires scopes: ["email","openid","https://www.googleapis.com/auth/cloudplatformprojects.readonly","https://www.googleapis.com/auth/firebase","https://www.googleapis.com/auth/cloud-platform"]
[debug] [2024-07-14T15:09:43.210Z] > authorizing via signed-in user (naveenkumar709434@gmail.com)
[info] 
     ######## #### ########  ######## ########     ###     ######  ########
     ##        ##  ##     ## ##       ##     ##  ##   ##  ##       ##
     ######    ##  ########  ######   ########  #########  ######  ######
     ##        ##  ##    ##  ##       ##     ## ##     ##       ## ##
     ##       #### ##     ## ######## ########  ##     ##  ######  ########

You're about to initialize a Firebase project in this directory:

  /home/quantanics/Documents/resume/portfolio/myport_folio_git/portfolio_web

Before we get started, keep in mind:

  * You are initializing within an existing Firebase project directory

[info] 
=== Project Setup
[info] 
[info] First, let's associate this project directory with a Firebase project.
[info] You can create multiple project aliases by running firebase use --add, 
[info] but for now we'll just set up a default project.
[info] 
[debug] [2024-07-14T15:10:38.261Z] >>> [apiv2][query] GET https://firebase.googleapis.com/v1beta1/projects pageSize=100
[debug] [2024-07-14T15:10:39.231Z] <<< [apiv2][status] GET https://firebase.googleapis.com/v1beta1/projects 200
[debug] [2024-07-14T15:10:39.231Z] <<< [apiv2][body] GET https://firebase.googleapis.com/v1beta1/projects [omitted]
[info] i  Using project portfolio-67224 (Portfolio) 
[info] 
=== Hosting Setup
[debug] [2024-07-14T15:10:44.315Z] >>> [apiv2][query] GET https://firebase.googleapis.com/v1beta1/projects/portfolio-67224 [none]
[debug] [2024-07-14T15:10:45.343Z] *** [apiv2] error from fetch(https://firebase.googleapis.com/v1beta1/projects/portfolio-67224, {"headers":{},"method":"GET","signal":{}}): FetchError: request to https://firebase.googleapis.com/v1beta1/projects/portfolio-67224 failed, reason: connect EHOSTUNREACH 2404:6800:4007:821::200a:443
[debug] [2024-07-14T15:10:45.344Z] Failed to make request to https://firebase.googleapis.com/v1beta1/projects/portfolio-67224 (original: request to https://firebase.googleapis.com/v1beta1/projects/portfolio-67224 failed, reason: connect EHOSTUNREACH 2404:6800:4007:821::200a:443)
[debug] [2024-07-14T15:10:45.753Z] FirebaseError: Failed to make request to https://firebase.googleapis.com/v1beta1/projects/portfolio-67224
    at RetryOperation._fn (/usr/local/lib/node_modules/firebase-tools/lib/apiv2.js:259:31)
    at process.processTicksAndRejections (node:internal/process/task_queues:95:5)
[error] 
[error] Error: Failed to get Firebase project portfolio-67224. Please make sure the project exists and your account has permission to access it.
[debug] [2024-07-14T15:11:18.646Z] ----------------------------------------------------------------------
[debug] [2024-07-14T15:11:18.648Z] Command:       /snap/node/8863/bin/node /usr/local/bin/firebase use --add
[debug] [2024-07-14T15:11:18.649Z] CLI Version:   13.13.2
[debug] [2024-07-14T15:11:18.649Z] Platform:      linux
[debug] [2024-07-14T15:11:18.649Z] Node Version:  v18.20.4
[debug] [2024-07-14T15:11:18.650Z] Time:          Sun Jul 14 2024 20:41:18 GMT+0530 (India Standard Time)
[debug] [2024-07-14T15:11:18.650Z] ----------------------------------------------------------------------
[debug] 
[debug] [2024-07-14T15:11:18.734Z] > command requires scopes: ["email","openid","https://www.googleapis.com/auth/cloudplatformprojects.readonly","https://www.googleapis.com/auth/firebase","https://www.googleapis.com/auth/cloud-platform"]
[debug] [2024-07-14T15:11:18.735Z] > authorizing via signed-in user (naveenkumar709434@gmail.com)
[debug] [2024-07-14T15:11:18.738Z] >>> [apiv2][query] GET https://firebase.googleapis.com/v1beta1/projects pageSize=1000
[debug] [2024-07-14T15:11:19.665Z] <<< [apiv2][status] GET https://firebase.googleapis.com/v1beta1/projects 200
[debug] [2024-07-14T15:11:19.666Z] <<< [apiv2][body] GET https://firebase.googleapis.com/v1beta1/projects [omitted]
